23:45:27: Creating resource group General
23:45:27: Creating resource group Internal
23:45:27: Creating resource group Autodetect
23:45:27: SceneManagerFactory for type 'DefaultSceneManager' registered.
23:45:27: Registering ResourceManager for type Material
23:45:27: Registering ResourceManager for type Mesh
23:45:27: Registering ResourceManager for type Skeleton
23:45:27: MovableObjectFactory for type 'ParticleSystem' registered.
23:45:27: OverlayElementFactory for type Panel registered.
23:45:27: OverlayElementFactory for type BorderPanel registered.
23:45:27: OverlayElementFactory for type TextArea registered.
23:45:27: Registering ResourceManager for type Font
23:45:27: ArchiveFactory for archive type FileSystem registered.
23:45:27: ArchiveFactory for archive type Zip registered.
23:45:27: DDS codec registering
23:45:27: FreeImage version: 3.14.1
23:45:27: This program uses FreeImage, a free, open source image library supporting all common bitmap formats. See http://freeimage.sourceforge.net for details
23:45:27: Supported formats: bmp,ico,jpg,jif,jpeg,jpe,jng,koa,iff,lbm,mng,pbm,pbm,pcd,pcx,pgm,pgm,png,ppm,ppm,ras,tga,targa,tif,tiff,wap,wbmp,wbm,psd,cut,xbm,xpm,gif,hdr,g3,sgi,exr,j2k,j2c,jp2,pfm,pct,pict,pic,bay,bmq,cr2,crw,cs1,dc2,dcr,dng,erf,fff,hdr,k25,kdc,mdc,mos,mrw,nef,orf,pef,pxn,raf,raw,rdc,sr2,srf,arw,3fr,cine,ia,kc2,mef,nrw,qtk,rw2,sti,drf,dsc,ptx,cap,iiq,rwz
23:45:27: Registering ResourceManager for type HighLevelGpuProgram
23:45:27: Registering ResourceManager for type Compositor
23:45:27: MovableObjectFactory for type 'Entity' registered.
23:45:27: MovableObjectFactory for type 'Light' registered.
23:45:27: MovableObjectFactory for type 'BillboardSet' registered.
23:45:27: MovableObjectFactory for type 'ManualObject' registered.
23:45:27: MovableObjectFactory for type 'BillboardChain' registered.
23:45:27: MovableObjectFactory for type 'RibbonTrail' registered.
23:45:27: Loading library RenderSystem_GL
23:45:28: Installing plugin: GL RenderSystem
23:45:28: OpenGL Rendering Subsystem created.
23:45:28: Plugin successfully installed
23:45:28: Loading library Plugin_Spacescape
23:45:28: Installing plugin: Spacescape
23:45:28: Plugin successfully installed
23:45:28: *-*-* OGRE Initialising
23:45:28: *-*-* Version 1.7.3 (Cthugha)
23:45:28: CPU Identifier & Features
23:45:28: -------------------------
23:45:28:  *   CPU ID: GenuineIntel: Intel(R) Core(TM)2 Duo CPU     T7700  @ 2.40GHz
23:45:28:  *      SSE: yes
23:45:28:  *     SSE2: yes
23:45:28:  *     SSE3: yes
23:45:28:  *      MMX: yes
23:45:28:  *   MMXEXT: yes
23:45:28:  *    3DNOW: no
23:45:28:  * 3DNOWEXT: no
23:45:28:  *     CMOV: yes
23:45:28:  *      TSC: yes
23:45:28:  *      FPU: yes
23:45:28:  *      PRO: yes
23:45:28:  *       HT: no
23:45:28: -------------------------
23:45:28: ********************************************
***  Starting Mac OS X OpenGL Subsystem  ***
********************************************
23:45:28: GLRenderSystem::_createRenderWindow "OgreWindow", 800x600 windowed  miscParams: externalWindowHandle=4354476800 macAPI=cocoa macAPICocoaUseNSView=true useNVPerfHUD=true 
23:45:28: Creating a Cocoa Compatible Render System
23:45:28: Mac Cocoa Window: Rendering on an external plain NSView*
23:45:28: GL_VERSION = 2.1 NVIDIA-1.6.36
23:45:28: GL_VENDOR = NVIDIA Corporation
23:45:28: GL_RENDERER = NVIDIA GeForce 8600M GT OpenGL Engine
23:45:28: GL_EXTENSIONS = GL_ARB_transpose_matrix GL_ARB_vertex_program GL_ARB_vertex_blend GL_ARB_window_pos GL_ARB_shader_objects GL_ARB_vertex_shader GL_ARB_shading_language_100 GL_EXT_multi_draw_arrays GL_EXT_clip_volume_hint GL_EXT_rescale_normal GL_EXT_draw_range_elements GL_EXT_fog_coord GL_EXT_gpu_program_parameters GL_EXT_geometry_shader4 GL_EXT_transform_feedback GL_APPLE_client_storage GL_APPLE_specular_vector GL_APPLE_transform_hint GL_APPLE_packed_pixels GL_APPLE_fence GL_APPLE_vertex_array_object GL_APPLE_vertex_program_evaluators GL_APPLE_element_array GL_APPLE_flush_render GL_APPLE_aux_depth_stencil GL_NV_texgen_reflection GL_NV_light_max_exponent GL_IBM_rasterpos_clip GL_SGIS_generate_mipmap GL_ARB_imaging GL_ARB_point_parameters GL_ARB_texture_env_crossbar GL_ARB_texture_border_clamp GL_ARB_multitexture GL_ARB_texture_env_add GL_ARB_texture_cube_map GL_ARB_texture_env_dot3 GL_ARB_multisample GL_ARB_texture_env_combine GL_ARB_texture_compression GL_ARB_texture_mirrored_repeat GL_ARB_shadow GL_ARB_depth_texture GL_ARB_fragment_program GL_ARB_fragment_program_shadow GL_ARB_fragment_shader GL_ARB_occlusion_query GL_ARB_point_sprite GL_ARB_texture_non_power_of_two GL_ARB_vertex_buffer_object GL_ARB_pixel_buffer_object GL_ARB_draw_buffers GL_ARB_shader_texture_lod GL_ARB_color_buffer_float GL_ARB_half_float_vertex GL_ARB_texture_rg GL_ARB_texture_compression_rgtc GL_ARB_framebuffer_object GL_EXT_compiled_vertex_array GL_EXT_draw_buffers2 GL_EXT_framebuffer_object GL_EXT_framebuffer_blit GL_EXT_framebuffer_multisample GL_EXT_texture_rectangle GL_ARB_texture_rectangle GL_EXT_texture_env_add GL_EXT_blend_color GL_EXT_blend_minmax GL_EXT_blend_subtract GL_EXT_texture_lod_bias GL_EXT_abgr GL_EXT_bgra GL_EXT_stencil_wrap GL_EXT_texture_filter_anisotropic GL_EXT_secondary_color GL_EXT_blend_func_separate GL_EXT_shadow_funcs GL_EXT_stencil_two_side GL_EXT_depth_bounds_test GL_EXT_texture_compression_s3tc GL_EXT_texture_compression_dxt1 GL_EXT_texture_sRGB GL_EXT_blend_equation_separate GL_EXT_texture_mirror_clamp GL_EXT_packed_depth_stencil GL_EXT_bindable_uniform GL_EXT_texture_integer GL_EXT_gpu_shader4 GL_EXT_framebuffer_sRGB GL_EXT_provoking_vertex GL_APPLE_flush_buffer_range GL_APPLE_ycbcr_422 GL_APPLE_rgb_422 GL_APPLE_vertex_array_range GL_APPLE_texture_range GL_APPLE_float_pixels GL_ATI_texture_float GL_ARB_texture_float GL_ARB_half_float_pixel GL_APPLE_pixel_buffer GL_APPLE_object_purgeable GL_NV_point_sprite GL_NV_blend_square GL_NV_fog_distance GL_NV_depth_clamp GL_NV_multisample_filter_hint GL_NV_fragment_program_option GL_NV_fragment_program2 GL_NV_vertex_program2_option GL_NV_vertex_program3 GL_NV_conditional_render GL_ATI_texture_mirror_once GL_ATI_texture_env_combine3 GL_ATI_separate_stencil GL_SGIS_texture_edge_clamp GL_SGIS_texture_lod GL_EXT_texture_array GL_EXT_vertex_array_bgra GL_ARB_instanced_arrays GL_ARB_depth_buffer_float GL_EXT_packed_float GL_EXT_texture_shared_exponent 
23:45:28: ***************************
23:45:28: *** GL Renderer Started ***
23:45:28: ***************************
23:45:28: Registering ResourceManager for type GpuProgram
23:45:28: GLSL support detected
23:45:28: GL: Using GL_EXT_framebuffer_object for rendering to textures (best)
23:45:28: FBO PF_UNKNOWN depth/stencil support: D16S0 D24S0 D32S0 Packed-D24S8 
23:45:28: FBO PF_R5G6B5 depth/stencil support: D0S0 D16S0 D24S0 D32S0 Packed-D24S8 
23:45:28: FBO PF_B5G6R5 depth/stencil support: D0S0 D16S0 D24S0 D32S0 Packed-D24S8 
23:45:28: FBO PF_R8G8B8 depth/stencil support: D0S0 D16S0 D24S0 D32S0 Packed-D24S8 
23:45:28: FBO PF_B8G8R8 depth/stencil support: D0S0 D16S0 D24S0 D32S0 Packed-D24S8 
23:45:28: FBO PF_A8R8G8B8 depth/stencil support: D0S0 D16S0 D24S0 D32S0 Packed-D24S8 
23:45:28: FBO PF_B8G8R8A8 depth/stencil support: D0S0 D16S0 D24S0 D32S0 Packed-D24S8 
23:45:28: FBO PF_A2R10G10B10 depth/stencil support: D0S0 D16S0 D24S0 D32S0 Packed-D24S8 
23:45:28: FBO PF_A2B10G10R10 depth/stencil support: D0S0 D16S0 D24S0 D32S0 Packed-D24S8 
23:45:28: FBO PF_FLOAT16_RGB depth/stencil support: D0S0 D16S0 D24S0 D32S0 Packed-D24S8 
23:45:28: FBO PF_FLOAT16_RGBA depth/stencil support: D0S0 D16S0 D24S0 D32S0 Packed-D24S8 
23:45:28: FBO PF_FLOAT32_RGB depth/stencil support: D0S0 D16S0 D24S0 D32S0 Packed-D24S8 
23:45:28: FBO PF_FLOAT32_RGBA depth/stencil support: D0S0 D16S0 D24S0 D32S0 Packed-D24S8 
23:45:28: FBO PF_X8R8G8B8 depth/stencil support: D0S0 D16S0 D24S0 D32S0 Packed-D24S8 
23:45:28: FBO PF_X8B8G8R8 depth/stencil support: D0S0 D16S0 D24S0 D32S0 Packed-D24S8 
23:45:28: FBO PF_SHORT_RGBA depth/stencil support: D0S0 D16S0 D24S0 D32S0 Packed-D24S8 
23:45:28: FBO PF_R3G3B2 depth/stencil support: D0S0 D16S0 D24S0 D32S0 Packed-D24S8 
23:45:28: FBO PF_SHORT_RGB depth/stencil support: D0S0 D16S0 D24S0 D32S0 Packed-D24S8 
23:45:28: [GL] : Valid FBO targets PF_UNKNOWN PF_R5G6B5 PF_B5G6R5 PF_R8G8B8 PF_B8G8R8 PF_A8R8G8B8 PF_B8G8R8A8 PF_A2R10G10B10 PF_A2B10G10R10 PF_FLOAT16_RGB PF_FLOAT16_RGBA PF_FLOAT32_RGB PF_FLOAT32_RGBA PF_X8R8G8B8 PF_X8B8G8R8 PF_SHORT_RGBA PF_R3G3B2 PF_SHORT_RGB 
23:45:28: RenderSystem capabilities
23:45:28: -------------------------
23:45:28: RenderSystem Name: OpenGL Rendering Subsystem
23:45:28: GPU Vendor: nvidia
23:45:28: Device Name: NVIDIA GeForce 8600M GT OpenGL Engine
23:45:28: Driver Version: 2.1.0.0
23:45:28:  * Fixed function pipeline: yes
23:45:28:  * Hardware generation of mipmaps: yes
23:45:28:  * Texture blending: yes
23:45:28:  * Anisotropic texture filtering: yes
23:45:28:  * Dot product texture operation: yes
23:45:28:  * Cube mapping: yes
23:45:28:  * Hardware stencil buffer: yes
23:45:28:    - Stencil depth: 8
23:45:28:    - Two sided stencil support: yes
23:45:28:    - Wrap stencil values: yes
23:45:28:  * Hardware vertex / index buffers: yes
23:45:28:  * Vertex programs: yes
23:45:28:  * Number of floating-point constants for vertex programs: 1024
23:45:28:  * Number of integer constants for vertex programs: 0
23:45:28:  * Number of boolean constants for vertex programs: 0
23:45:28:  * Fragment programs: yes
23:45:28:  * Number of floating-point constants for fragment programs: 1024
23:45:28:  * Number of integer constants for fragment programs: 0
23:45:28:  * Number of boolean constants for fragment programs: 0
23:45:28:  * Geometry programs: yes
23:45:28:  * Number of floating-point constants for geometry programs: 1
23:45:28:  * Number of integer constants for geometry programs: 0
23:45:28:  * Number of boolean constants for geometry programs: 0
23:45:28:  * Supported Shader Profiles: arbfp1 arbvp1 fp30 fp40 glsl gp4gp gpu_gp nvgp4 vp30 vp40
23:45:28:  * Texture Compression: yes
23:45:28:    - DXT: yes
23:45:28:    - VTC: no
23:45:28:    - PVRTC: no
23:45:28:  * Scissor Rectangle: yes
23:45:28:  * Hardware Occlusion Query: yes
23:45:28:  * User clip planes: yes
23:45:28:  * VET_UBYTE4 vertex element type: yes
23:45:28:  * Infinite far plane projection: yes
23:45:28:  * Hardware render-to-texture: yes
23:45:28:  * Floating point textures: yes
23:45:28:  * Non-power-of-two textures: yes
23:45:28:  * Volume textures: yes
23:45:28:  * Multiple Render Targets: 8
23:45:28:    - With different bit depths: yes
23:45:28:  * Point Sprites: yes
23:45:28:  * Extended point parameters: yes
23:45:28:  * Max Point Size: 63.375
23:45:28:  * Vertex texture fetch: yes
23:45:28:  * Number of world matrices: 0
23:45:28:  * Number of texture units: 16
23:45:28:  * Stencil buffer depth: 8
23:45:28:  * Number of vertex blend matrices: 0
23:45:28:    - Max vertex textures: 16
23:45:28:    - Vertex textures shared: yes
23:45:28:  * Render to Vertex Buffer : no
23:45:28:  * GL 1.5 without VBO workaround: no
23:45:28:  * Frame Buffer objects: yes
23:45:28:  * Frame Buffer objects (ARB extension): no
23:45:28:  * Frame Buffer objects (ATI extension): no
23:45:28:  * PBuffer support: yes
23:45:28:  * GL 1.5 without HW-occlusion workaround: no
23:45:28: Registering ResourceManager for type Texture
23:45:28: DefaultWorkQueue('Root') initialising on thread 0.
23:45:28: DefaultWorkQueue('Root')::WorkerFunc - thread 4706766680 starting.
23:45:28: Particle Renderer Type 'billboard' registered
23:45:28: DefaultWorkQueue('Root')::WorkerFunc - thread 4706766824 starting.
23:45:28: Added resource location '../../../media' of type 'FileSystem' to resource group 'General'
23:45:28: Added resource location '../../../media/materials/textures' of type 'FileSystem' to resource group 'General'
23:45:28: Parsing scripts for resource group Autodetect
23:45:28: Finished parsing scripts for resource group Autodetect
23:45:28: Parsing scripts for resource group General
23:45:28: Finished parsing scripts for resource group General
23:45:28: Parsing scripts for resource group Internal
23:45:28: Finished parsing scripts for resource group Internal
23:45:41: Creating Points SpacescapeLayer
